This file contains any messages produced by compilers while
running configure, to aid debugging if configure makes a mistake.

It was created by raspi-aprs-weather-submit configure 1.5, which was
generated by GNU Autoconf 2.69.  Invocation command line was

  $ ./configure 

## --------- ##
## Platform. ##
## --------- ##

hostname = RobocoPi
uname -m = armv6l
uname -r = 5.10.63+
uname -s = Linux
uname -v = #1496 Wed Dec 1 15:57:05 GMT 2021

/usr/bin/uname -p = unknown
/bin/uname -X     = unknown

/bin/arch              = armv6l
/usr/bin/arch -k       = unknown
/usr/convex/getsysinfo = unknown
/usr/bin/hostinfo      = unknown
/bin/machine           = unknown
/usr/bin/oslevel       = unknown
/bin/universe          = unknown

PATH: /usr/local/sbin
PATH: /usr/local/bin
PATH: /usr/sbin
PATH: /usr/bin
PATH: /sbin
PATH: /bin
PATH: /usr/local/games
PATH: /usr/games


## ----------- ##
## Core tests. ##
## ----------- ##

configure:2311: checking for a BSD-compatible install
configure:2379: result: /usr/bin/install -c
configure:2390: checking whether build environment is sane
configure:2445: result: yes
configure:2594: checking for a thread-safe mkdir -p
configure:2633: result: /usr/bin/mkdir -p
configure:2640: checking for gawk
configure:2670: result: no
configure:2640: checking for mawk
configure:2656: found /usr/bin/mawk
configure:2667: result: mawk
configure:2678: checking whether make sets $(MAKE)
configure:2700: result: yes
configure:2729: checking whether make supports nested variables
configure:2746: result: yes
configure:2923: checking for gcc
configure:2939: found /usr/bin/gcc
configure:2950: result: gcc
configure:3179: checking for C compiler version
configure:3188: gcc --version >&5
gcc (Raspbian 8.3.0-6+rpi1) 8.3.0
Copyright (C) 2018 Free Software Foundation, Inc.
This is free software; see the source for copying conditions.  There is NO
warranty; not even for MERCHANTABILITY or FITNESS FOR A PARTICULAR PURPOSE.

configure:3199: $? = 0
configure:3188: gcc -v >&5
Using built-in specs.
COLLECT_GCC=gcc
COLLECT_LTO_WRAPPER=/usr/lib/gcc/arm-linux-gnueabihf/8/lto-wrapper
Target: arm-linux-gnueabihf
Configured with: ../src/configure -v --with-pkgversion='Raspbian 8.3.0-6+rpi1' --with-bugurl=file:///usr/share/doc/gcc-8/README.Bugs --enable-languages=c,ada,c++,go,d,fortran,objc,obj-c++ --prefix=/usr --with-gcc-major-version-only --program-suffix=-8 --program-prefix=arm-linux-gnueabihf- --enable-shared --enable-linker-build-id --libexecdir=/usr/lib --without-included-gettext --enable-threads=posix --libdir=/usr/lib --enable-nls --enable-bootstrap --enable-clocale=gnu --enable-libstdcxx-debug --enable-libstdcxx-time=yes --with-default-libstdcxx-abi=new --enable-gnu-unique-object --disable-libitm --disable-libquadmath --disable-libquadmath-support --enable-plugin --with-system-zlib --with-target-system-zlib --enable-objc-gc=auto --enable-multiarch --disable-sjlj-exceptions --with-arch=armv6 --with-fpu=vfp --with-float=hard --disable-werror --enable-checking=release --build=arm-linux-gnueabihf --host=arm-linux-gnueabihf --target=arm-linux-gnueabihf
Thread model: posix
gcc version 8.3.0 (Raspbian 8.3.0-6+rpi1) 
configure:3199: $? = 0
configure:3188: gcc -V >&5
gcc: error: unrecognized command line option '-V'
gcc: fatal error: no input files
compilation terminated.
configure:3199: $? = 1
configure:3188: gcc -qversion >&5
gcc: error: unrecognized command line option '-qversion'; did you mean '--version'?
gcc: fatal error: no input files
compilation terminated.
configure:3199: $? = 1
configure:3219: checking whether the C compiler works
configure:3241: gcc    conftest.c  >&5
configure:3245: $? = 0
configure:3293: result: yes
configure:3296: checking for C compiler default output file name
configure:3298: result: a.out
configure:3304: checking for suffix of executables
configure:3311: gcc -o conftest    conftest.c  >&5
configure:3315: $? = 0
configure:3337: result: 
configure:3359: checking whether we are cross compiling
configure:3367: gcc -o conftest    conftest.c  >&5
configure:3371: $? = 0
configure:3378: ./conftest
configure:3382: $? = 0
configure:3370: result: no
configure:3375: checking for suffix of object files
configure:3397: gcc -c   conftest.c >&5
configure:3401: $? = 0
configure:3422: result: o
configure:3426: checking whether we are using the GNU C compiler
configure:3445: gcc -c   conftest.c >&5
configure:3445: $? = 0
configure:3454: result: yes
configure:3463: checking whether gcc accepts -g
configure:3483: gcc -c -g  conftest.c >&5
configure:3483: $? = 0
configure:3524: result: yes
configure:3541: checking for gcc option to accept ISO C89
configure:3604: gcc  -c -g -O2  conftest.c >&5
configure:3604: $? = 0
configure:3617: result: none needed
configure:3642: checking whether gcc understands -c and -o together
configure:3664: gcc -c conftest.c -o conftest2.o
configure:3667: $? = 0
configure:3664: gcc -c conftest.c -o conftest2.o
configure:3667: $? = 0
configure:3679: result: yes
configure:3699: checking whether make supports the include directive
configure:3714: make -f confmf.GNU && cat confinc.out
this is the am__doit target
configure:3717: $? = 0
configure:3736: result: yes (GNU style)
configure:3761: checking dependency style of gcc
configure:3872: result: gcc3
configure:3888: checking for an ANSI C-conforming const
configure:3954: gcc -c -g -O2  conftest.c >&5
configure:3954: $? = 0
configure:3961: result: yes
configure:3969: checking for inline
configure:3985: gcc -c -g -O2  conftest.c >&5
configure:3985: $? = 0
configure:3993: result: inline
configure:4011: checking for C/C++ restrict keyword
configure:4036: gcc -c -g -O2  conftest.c >&5
configure:4036: $? = 0
configure:4044: result: __restrict
configure:4063: checking how to run the C preprocessor
configure:4094: gcc -E  conftest.c
configure:4094: $? = 0
configure:4108: gcc -E  conftest.c
conftest.c:12:10: fatal error: ac_nonexistent.h: No such file or directory
 #include <ac_nonexistent.h>
          ^~~~~~~~~~~~~~~~~~
compilation terminated.
configure:4108: $? = 1
configure: failed program was:
| /* confdefs.h */
| #define PACKAGE_NAME "raspi-aprs-weather-submit"
| #define PACKAGE_TARNAME "raspi-aprs-weather-submit"
| #define PACKAGE_VERSION "1.5"
| #define PACKAGE_STRING "raspi-aprs-weather-submit 1.5"
| #define PACKAGE_BUGREPORT "rafamarsolla@gmail.com"
| #define PACKAGE_URL ""
| #define PACKAGE "raspi-aprs-weather-submit"
| #define VERSION "1.5"
| #define restrict __restrict
| /* end confdefs.h.  */
| #include <ac_nonexistent.h>
configure:4133: result: gcc -E
configure:4153: gcc -E  conftest.c
configure:4153: $? = 0
configure:4167: gcc -E  conftest.c
conftest.c:12:10: fatal error: ac_nonexistent.h: No such file or directory
 #include <ac_nonexistent.h>
          ^~~~~~~~~~~~~~~~~~
compilation terminated.
configure:4167: $? = 1
configure: failed program was:
| /* confdefs.h */
| #define PACKAGE_NAME "raspi-aprs-weather-submit"
| #define PACKAGE_TARNAME "raspi-aprs-weather-submit"
| #define PACKAGE_VERSION "1.5"
| #define PACKAGE_STRING "raspi-aprs-weather-submit 1.5"
| #define PACKAGE_BUGREPORT "rafamarsolla@gmail.com"
| #define PACKAGE_URL ""
| #define PACKAGE "raspi-aprs-weather-submit"
| #define VERSION "1.5"
| #define restrict __restrict
| /* end confdefs.h.  */
| #include <ac_nonexistent.h>
configure:4196: checking for grep that handles long lines and -e
configure:4254: result: /usr/bin/grep
configure:4259: checking for egrep
configure:4321: result: /usr/bin/grep -E
configure:4326: checking for ANSI C header files
configure:4346: gcc -c -g -O2  conftest.c >&5
configure:4346: $? = 0
configure:4419: gcc -o conftest -g -O2   conftest.c  >&5
configure:4419: $? = 0
configure:4419: ./conftest
configure:4419: $? = 0
configure:4430: result: yes
configure:4443: checking for sys/types.h
configure:4443: gcc -c -g -O2  conftest.c >&5
configure:4443: $? = 0
configure:4443: result: yes
configure:4443: checking for sys/stat.h
configure:4443: gcc -c -g -O2  conftest.c >&5
configure:4443: $? = 0
configure:4443: result: yes
configure:4443: checking for stdlib.h
configure:4443: gcc -c -g -O2  conftest.c >&5
configure:4443: $? = 0
configure:4443: result: yes
configure:4443: checking for string.h
configure:4443: gcc -c -g -O2  conftest.c >&5
configure:4443: $? = 0
configure:4443: result: yes
configure:4443: checking for memory.h
configure:4443: gcc -c -g -O2  conftest.c >&5
configure:4443: $? = 0
configure:4443: result: yes
configure:4443: checking for strings.h
configure:4443: gcc -c -g -O2  conftest.c >&5
configure:4443: $? = 0
configure:4443: result: yes
configure:4443: checking for inttypes.h
configure:4443: gcc -c -g -O2  conftest.c >&5
configure:4443: $? = 0
configure:4443: result: yes
configure:4443: checking for stdint.h
configure:4443: gcc -c -g -O2  conftest.c >&5
configure:4443: $? = 0
configure:4443: result: yes
configure:4443: checking for unistd.h
configure:4443: gcc -c -g -O2  conftest.c >&5
configure:4443: $? = 0
configure:4443: result: yes
configure:4455: checking for size_t
configure:4455: gcc -c -g -O2  conftest.c >&5
configure:4455: $? = 0
configure:4455: gcc -c -g -O2  conftest.c >&5
conftest.c: In function 'main':
conftest.c:58:21: error: expected expression before ')' token
 if (sizeof ((size_t)))
                     ^
configure:4455: $? = 1
configure: failed program was:
| /* confdefs.h */
| #define PACKAGE_NAME "raspi-aprs-weather-submit"
| #define PACKAGE_TARNAME "raspi-aprs-weather-submit"
| #define PACKAGE_VERSION "1.5"
| #define PACKAGE_STRING "raspi-aprs-weather-submit 1.5"
| #define PACKAGE_BUGREPORT "rafamarsolla@gmail.com"
| #define PACKAGE_URL ""
| #define PACKAGE "raspi-aprs-weather-submit"
| #define VERSION "1.5"
| #define restrict __restrict
| #define STDC_HEADERS 1
| #define HAVE_SYS_TYPES_H 1
| #define HAVE_SYS_STAT_H 1
| #define HAVE_STDLIB_H 1
| #define HAVE_STRING_H 1
| #define HAVE_MEMORY_H 1
| #define HAVE_STRINGS_H 1
| #define HAVE_INTTYPES_H 1
| #define HAVE_STDINT_H 1
| #define HAVE_UNISTD_H 1
| /* end confdefs.h.  */
| #include <stdio.h>
| #ifdef HAVE_SYS_TYPES_H
| # include <sys/types.h>
| #endif
| #ifdef HAVE_SYS_STAT_H
| # include <sys/stat.h>
| #endif
| #ifdef STDC_HEADERS
| # include <stdlib.h>
| # include <stddef.h>
| #else
| # ifdef HAVE_STDLIB_H
| #  include <stdlib.h>
| # endif
| #endif
| #ifdef HAVE_STRING_H
| # if !defined STDC_HEADERS && defined HAVE_MEMORY_H
| #  include <memory.h>
| # endif
| # include <string.h>
| #endif
| #ifdef HAVE_STRINGS_H
| # include <strings.h>
| #endif
| #ifdef HAVE_INTTYPES_H
| # include <inttypes.h>
| #endif
| #ifdef HAVE_STDINT_H
| # include <stdint.h>
| #endif
| #ifdef HAVE_UNISTD_H
| # include <unistd.h>
| #endif
| int
| main ()
| {
| if (sizeof ((size_t)))
| 	    return 0;
|   ;
|   return 0;
| }
configure:4455: result: yes
configure:4466: checking for uint16_t
configure:4466: gcc -c -g -O2  conftest.c >&5
configure:4466: $? = 0
configure:4466: result: yes
configure:4484: checking stdio.h usability
configure:4484: gcc -c -g -O2  conftest.c >&5
configure:4484: $? = 0
configure:4484: result: yes
configure:4484: checking stdio.h presence
configure:4484: gcc -E  conftest.c
configure:4484: $? = 0
configure:4484: result: yes
configure:4484: checking for stdio.h
configure:4484: result: yes
configure:4492: checking for fprintf
configure:4492: gcc -o conftest -g -O2   conftest.c  >&5
conftest.c:45:6: warning: conflicting types for built-in function 'fprintf' [-Wbuiltin-declaration-mismatch]
 char fprintf ();
      ^~~~~~~
configure:4492: $? = 0
configure:4492: result: yes
configure:4499: checking for fputs
configure:4499: gcc -o conftest -g -O2   conftest.c  >&5
conftest.c:45:6: warning: conflicting types for built-in function 'fputs' [-Wbuiltin-declaration-mismatch]
 char fputs ();
      ^~~~~
configure:4499: $? = 0
configure:4499: result: yes
configure:4506: checking for printf
configure:4506: gcc -o conftest -g -O2   conftest.c  >&5
conftest.c:45:6: warning: conflicting types for built-in function 'printf' [-Wbuiltin-declaration-mismatch]
 char printf ();
      ^~~~~~
configure:4506: $? = 0
configure:4506: result: yes
configure:4513: checking for puts
configure:4513: gcc -o conftest -g -O2   conftest.c  >&5
conftest.c:45:6: warning: conflicting types for built-in function 'puts' [-Wbuiltin-declaration-mismatch]
 char puts ();
      ^~~~
configure:4513: $? = 0
configure:4513: result: yes
configure:4520: checking for snprintf
configure:4520: gcc -o conftest -g -O2   conftest.c  >&5
conftest.c:45:6: warning: conflicting types for built-in function 'snprintf' [-Wbuiltin-declaration-mismatch]
 char snprintf ();
      ^~~~~~~~
configure:4520: $? = 0
configure:4520: result: yes
configure:4528: checking for string.h
configure:4528: result: yes
configure:4536: checking for strcpy
configure:4536: gcc -o conftest -g -O2   conftest.c  >&5
conftest.c:45:6: warning: conflicting types for built-in function 'strcpy' [-Wbuiltin-declaration-mismatch]
 char strcpy ();
      ^~~~~~
configure:4536: $? = 0
configure:4536: result: yes
configure:4543: checking for strlen
configure:4543: gcc -o conftest -g -O2   conftest.c  >&5
conftest.c:45:6: warning: conflicting types for built-in function 'strlen' [-Wbuiltin-declaration-mismatch]
 char strlen ();
      ^~~~~~
configure:4543: $? = 0
configure:4543: result: yes
configure:4550: checking for strncat
configure:4550: gcc -o conftest -g -O2   conftest.c  >&5
conftest.c:45:6: warning: conflicting types for built-in function 'strncat' [-Wbuiltin-declaration-mismatch]
 char strncat ();
      ^~~~~~~
configure:4550: $? = 0
configure:4550: result: yes
configure:4557: checking for strncmp
configure:4557: gcc -o conftest -g -O2   conftest.c  >&5
conftest.c:45:6: warning: conflicting types for built-in function 'strncmp' [-Wbuiltin-declaration-mismatch]
 char strncmp ();
      ^~~~~~~
configure:4557: $? = 0
configure:4557: result: yes
configure:4564: checking for strncpy
configure:4564: gcc -o conftest -g -O2   conftest.c  >&5
conftest.c:45:6: warning: conflicting types for built-in function 'strncpy' [-Wbuiltin-declaration-mismatch]
 char strncpy ();
      ^~~~~~~
configure:4564: $? = 0
configure:4564: result: yes
configure:4571: checking for strstr
configure:4571: gcc -o conftest -g -O2   conftest.c  >&5
conftest.c:45:6: warning: conflicting types for built-in function 'strstr' [-Wbuiltin-declaration-mismatch]
 char strstr ();
      ^~~~~~
configure:4571: $? = 0
configure:4571: result: yes
configure:4581: checking for stdlib.h
configure:4581: result: yes
configure:4591: checking for GNU libc compatible malloc
configure:4615: gcc -o conftest -g -O2   conftest.c  >&5
configure:4615: $? = 0
configure:4615: ./conftest
configure:4615: $? = 0
configure:4625: result: yes
configure:4647: checking getopt.h usability
configure:4647: gcc -c -g -O2  conftest.c >&5
configure:4647: $? = 0
configure:4647: result: yes
configure:4647: checking getopt.h presence
configure:4647: gcc -E  conftest.c
configure:4647: $? = 0
configure:4647: result: yes
configure:4647: checking for getopt.h
configure:4647: result: yes
configure:4655: checking for getopt_long
configure:4655: gcc -o conftest -g -O2   conftest.c  >&5
configure:4655: $? = 0
configure:4655: result: yes
configure:4665: checking math.h usability
configure:4665: gcc -c -g -O2  conftest.c >&5
configure:4665: $? = 0
configure:4665: result: yes
configure:4665: checking math.h presence
configure:4665: gcc -E  conftest.c
configure:4665: $? = 0
configure:4665: result: yes
configure:4665: checking for math.h
configure:4665: result: yes
configure:4680: checking for stdlib.h
configure:4680: result: yes
configure:4688: checking for atof
configure:4688: gcc -o conftest -g -O2   conftest.c  >&5
configure:4688: $? = 0
configure:4688: result: yes
configure:4695: checking for atoi
configure:4695: gcc -o conftest -g -O2   conftest.c  >&5
configure:4695: $? = 0
configure:4695: result: yes
configure:4702: checking for exit
configure:4702: gcc -o conftest -g -O2   conftest.c  >&5
conftest.c:48:6: warning: conflicting types for built-in function 'exit' [-Wbuiltin-declaration-mismatch]
 char exit ();
      ^~~~
configure:4702: $? = 0
configure:4702: result: yes
configure:4710: checking time.h usability
configure:4710: gcc -c -g -O2  conftest.c >&5
configure:4710: $? = 0
configure:4710: result: yes
configure:4710: checking time.h presence
configure:4710: gcc -E  conftest.c
configure:4710: $? = 0
configure:4710: result: yes
configure:4710: checking for time.h
configure:4710: result: yes
configure:4718: checking for gmtime
configure:4718: gcc -o conftest -g -O2   conftest.c  >&5
configure:4718: $? = 0
configure:4718: result: yes
configure:4725: checking for time
configure:4725: gcc -o conftest -g -O2   conftest.c  >&5
configure:4725: $? = 0
configure:4725: result: yes
configure:4734: checking whether to enable assertions
configure:4752: result: yes
configure:4923: checking that generated files are newer than configure
configure:4929: result: done
configure:4952: creating ./config.status

## ---------------------- ##
## Running config.status. ##
## ---------------------- ##

This file was extended by raspi-aprs-weather-submit config.status 1.5, which was
generated by GNU Autoconf 2.69.  Invocation command line was

  CONFIG_FILES    = 
  CONFIG_HEADERS  = 
  CONFIG_LINKS    = 
  CONFIG_COMMANDS = 
  $ ./config.status 

on RobocoPi

config.status:776: creating Makefile
config.status:948: executing depfiles commands
config.status:1025: cd .       && sed -e '/# am--include-marker/d' Makefile         | make -f - am--depfiles
config.status:1030: $? = 0

## ---------------- ##
## Cache variables. ##
## ---------------- ##

ac_cv_c_compiler_gnu=yes
ac_cv_c_const=yes
ac_cv_c_inline=inline
ac_cv_c_restrict=__restrict
ac_cv_c_uint16_t=yes
ac_cv_env_CC_set=
ac_cv_env_CC_value=
ac_cv_env_CFLAGS_set=
ac_cv_env_CFLAGS_value=
ac_cv_env_CPPFLAGS_set=
ac_cv_env_CPPFLAGS_value=
ac_cv_env_CPP_set=
ac_cv_env_CPP_value=
ac_cv_env_LDFLAGS_set=
ac_cv_env_LDFLAGS_value=
ac_cv_env_LIBS_set=
ac_cv_env_LIBS_value=
ac_cv_env_build_alias_set=
ac_cv_env_build_alias_value=
ac_cv_env_host_alias_set=
ac_cv_env_host_alias_value=
ac_cv_env_target_alias_set=
ac_cv_env_target_alias_value=
ac_cv_func_atof=yes
ac_cv_func_atoi=yes
ac_cv_func_exit=yes
ac_cv_func_fprintf=yes
ac_cv_func_fputs=yes
ac_cv_func_getopt_long=yes
ac_cv_func_gmtime=yes
ac_cv_func_malloc_0_nonnull=yes
ac_cv_func_printf=yes
ac_cv_func_puts=yes
ac_cv_func_snprintf=yes
ac_cv_func_strcpy=yes
ac_cv_func_strlen=yes
ac_cv_func_strncat=yes
ac_cv_func_strncmp=yes
ac_cv_func_strncpy=yes
ac_cv_func_strstr=yes
ac_cv_func_time=yes
ac_cv_header_getopt_h=yes
ac_cv_header_inttypes_h=yes
ac_cv_header_math_h=yes
ac_cv_header_memory_h=yes
ac_cv_header_stdc=yes
ac_cv_header_stdint_h=yes
ac_cv_header_stdio_h=yes
ac_cv_header_stdlib_h=yes
ac_cv_header_string_h=yes
ac_cv_header_strings_h=yes
ac_cv_header_sys_stat_h=yes
ac_cv_header_sys_types_h=yes
ac_cv_header_time_h=yes
ac_cv_header_unistd_h=yes
ac_cv_objext=o
ac_cv_path_EGREP='/usr/bin/grep -E'
ac_cv_path_GREP=/usr/bin/grep
ac_cv_path_install='/usr/bin/install -c'
ac_cv_path_mkdir=/usr/bin/mkdir
ac_cv_prog_AWK=mawk
ac_cv_prog_CPP='gcc -E'
ac_cv_prog_ac_ct_CC=gcc
ac_cv_prog_cc_c89=
ac_cv_prog_cc_g=yes
ac_cv_prog_make_make_set=yes
ac_cv_type_size_t=yes
am_cv_CC_dependencies_compiler_type=gcc3
am_cv_make_support_nested_variables=yes
am_cv_prog_cc_c_o=yes

## ----------------- ##
## Output variables. ##
## ----------------- ##

ACLOCAL='${SHELL} /home/pi/Scripts/aprs/git/Raspberry-APRS-Weather-Submit/missing aclocal-1.16'
AMDEPBACKSLASH='\'
AMDEP_FALSE='#'
AMDEP_TRUE=''
AMTAR='$${TAR-tar}'
AM_BACKSLASH='\'
AM_CFLAGS='-I. -std=gnu99 -Wall -Werror -g'
AM_DEFAULT_V='$(AM_DEFAULT_VERBOSITY)'
AM_DEFAULT_VERBOSITY='1'
AM_LDFLAGS='-lm'
AM_V='$(V)'
AUTOCONF='${SHELL} /home/pi/Scripts/aprs/git/Raspberry-APRS-Weather-Submit/missing autoconf'
AUTOHEADER='${SHELL} /home/pi/Scripts/aprs/git/Raspberry-APRS-Weather-Submit/missing autoheader'
AUTOMAKE='${SHELL} /home/pi/Scripts/aprs/git/Raspberry-APRS-Weather-Submit/missing automake-1.16'
AWK='mawk'
CC='gcc'
CCDEPMODE='depmode=gcc3'
CFLAGS='-g -O2'
CPP='gcc -E'
CPPFLAGS=''
CYGPATH_W='echo'
DEFS='-DPACKAGE_NAME=\"raspi-aprs-weather-submit\" -DPACKAGE_TARNAME=\"raspi-aprs-weather-submit\" -DPACKAGE_VERSION=\"1.5\" -DPACKAGE_STRING=\"raspi-aprs-weather-submit\ 1.5\" -DPACKAGE_BUGREPORT=\"rafamarsolla@gmail.com\" -DPACKAGE_URL=\"\" -DPACKAGE=\"raspi-aprs-weather-submit\" -DVERSION=\"1.5\" -Drestrict=__restrict -DSTDC_HEADERS=1 -DHAVE_SYS_TYPES_H=1 -DHAVE_SYS_STAT_H=1 -DHAVE_STDLIB_H=1 -DHAVE_STRING_H=1 -DHAVE_MEMORY_H=1 -DHAVE_STRINGS_H=1 -DHAVE_INTTYPES_H=1 -DHAVE_STDINT_H=1 -DHAVE_UNISTD_H=1 -DHAVE_STDLIB_H=1 -DHAVE_MALLOC=1 -DHAVE_MATH_H=1'
DEPDIR='.deps'
ECHO_C=''
ECHO_N='-n'
ECHO_T=''
EGREP='/usr/bin/grep -E'
EXEEXT=''
GREP='/usr/bin/grep'
INSTALL_DATA='${INSTALL} -m 644'
INSTALL_PROGRAM='${INSTALL}'
INSTALL_SCRIPT='${INSTALL}'
INSTALL_STRIP_PROGRAM='$(install_sh) -c -s'
LDFLAGS=''
LIBOBJS=''
LIBS=''
LTLIBOBJS=''
MAKEINFO='${SHELL} /home/pi/Scripts/aprs/git/Raspberry-APRS-Weather-Submit/missing makeinfo'
MKDIR_P='/usr/bin/mkdir -p'
OBJEXT='o'
PACKAGE='raspi-aprs-weather-submit'
PACKAGE_BUGREPORT='rafamarsolla@gmail.com'
PACKAGE_NAME='raspi-aprs-weather-submit'
PACKAGE_STRING='raspi-aprs-weather-submit 1.5'
PACKAGE_TARNAME='raspi-aprs-weather-submit'
PACKAGE_URL=''
PACKAGE_VERSION='1.5'
PATH_SEPARATOR=':'
SET_MAKE=''
SHELL='/bin/bash'
STRIP=''
VERSION='1.5'
ac_ct_CC='gcc'
am__EXEEXT_FALSE=''
am__EXEEXT_TRUE='#'
am__fastdepCC_FALSE='#'
am__fastdepCC_TRUE=''
am__include='include'
am__isrc=''
am__leading_dot='.'
am__nodep='_no'
am__quote=''
am__tar='$${TAR-tar} chof - "$$tardir"'
am__untar='$${TAR-tar} xf -'
bindir='${exec_prefix}/bin'
build_alias=''
datadir='${datarootdir}'
datarootdir='${prefix}/share'
docdir='${datarootdir}/doc/${PACKAGE_TARNAME}'
dvidir='${docdir}'
exec_prefix='${prefix}'
host_alias=''
htmldir='${docdir}'
includedir='${prefix}/include'
infodir='${datarootdir}/info'
install_sh='${SHELL} /home/pi/Scripts/aprs/git/Raspberry-APRS-Weather-Submit/install-sh'
libdir='${exec_prefix}/lib'
libexecdir='${exec_prefix}/libexec'
localedir='${datarootdir}/locale'
localstatedir='${prefix}/var'
mandir='${datarootdir}/man'
mkdir_p='$(MKDIR_P)'
oldincludedir='/usr/include'
pdfdir='${docdir}'
prefix='/usr/local'
program_transform_name='s,x,x,'
psdir='${docdir}'
runstatedir='${localstatedir}/run'
sbindir='${exec_prefix}/sbin'
sharedstatedir='${prefix}/com'
sysconfdir='${prefix}/etc'
target_alias=''

## ----------- ##
## confdefs.h. ##
## ----------- ##

/* confdefs.h */
#define PACKAGE_NAME "raspi-aprs-weather-submit"
#define PACKAGE_TARNAME "raspi-aprs-weather-submit"
#define PACKAGE_VERSION "1.5"
#define PACKAGE_STRING "raspi-aprs-weather-submit 1.5"
#define PACKAGE_BUGREPORT "rafamarsolla@gmail.com"
#define PACKAGE_URL ""
#define PACKAGE "raspi-aprs-weather-submit"
#define VERSION "1.5"
#define restrict __restrict
#define STDC_HEADERS 1
#define HAVE_SYS_TYPES_H 1
#define HAVE_SYS_STAT_H 1
#define HAVE_STDLIB_H 1
#define HAVE_STRING_H 1
#define HAVE_MEMORY_H 1
#define HAVE_STRINGS_H 1
#define HAVE_INTTYPES_H 1
#define HAVE_STDINT_H 1
#define HAVE_UNISTD_H 1
#define HAVE_STDLIB_H 1
#define HAVE_MALLOC 1
#define HAVE_MATH_H 1

configure: exit 0
